<?xml version="1.0" encoding="UTF-8"?>
<coverage generated="1665672633372" clover="3.2.0">
  <project timestamp="1665672633372" name="All files">
    <metrics statements="18" coveredstatements="12" conditionals="12" coveredconditionals="5" methods="5" coveredmethods="3" elements="35" coveredelements="20" complexity="0" loc="18" ncloc="18" packages="1" files="1" classes="1"/>
    <file name="Constructor.js" path="/Users/Haywaya/Desktop/micoverse/module2/to-do-list-with-webpack-es6/src/modules/Constructor.js">
      <metrics statements="18" coveredstatements="12" conditionals="12" coveredconditionals="5" methods="5" coveredmethods="3"/>
      <line num="3" count="3" type="stmt"/>
      <line num="4" count="3" type="stmt"/>
      <line num="5" count="3" type="stmt"/>
      <line num="9" count="1" type="cond" truecount="0" falsecount="3"/>
      <line num="10" count="3" type="cond" truecount="1" falsecount="1"/>
      <line num="11" count="3" type="cond" truecount="1" falsecount="1"/>
      <line num="12" count="3" type="cond" truecount="2" falsecount="0"/>
      <line num="13" count="3" type="stmt"/>
      <line num="16" count="3" type="stmt"/>
      <line num="19" count="0" type="stmt"/>
      <line num="22" count="1" type="stmt"/>
      <line num="23" count="0" type="stmt"/>
      <line num="24" count="0" type="stmt"/>
      <line num="25" count="0" type="stmt"/>
      <line num="26" count="0" type="stmt"/>
      <line num="29" count="1" type="stmt"/>
      <line num="30" count="1" type="cond" truecount="1" falsecount="1"/>
      <line num="31" count="0" type="stmt"/>
    </file>
  </project>
</coverage>
