<?xml version="1.0" encoding="UTF-8"?>
<coverage generated="1665763006525" clover="3.2.0">
  <project timestamp="1665763006525" name="All files">
    <metrics statements="22" coveredstatements="16" conditionals="12" coveredconditionals="5" methods="7" coveredmethods="5" elements="41" coveredelements="26" complexity="0" loc="22" ncloc="22" packages="1" files="1" classes="1"/>
    <file name="Constructor.js" path="/Users/Haywaya/Desktop/micoverse/module2/to-do-list-with-webpack-es6/src/modules/Constructor.js">
      <metrics statements="22" coveredstatements="16" conditionals="12" coveredconditionals="5" methods="7" coveredmethods="5"/>
      <line num="3" count="3" type="stmt"/>
      <line num="4" count="3" type="stmt"/>
      <line num="5" count="3" type="stmt"/>
      <line num="9" count="1" type="cond" truecount="0" falsecount="3"/>
      <line num="10" count="3" type="cond" truecount="1" falsecount="1"/>
      <line num="11" count="3" type="cond" truecount="1" falsecount="1"/>
      <line num="12" count="3" type="cond" truecount="2" falsecount="0"/>
      <line num="13" count="3" type="stmt"/>
      <line num="16" count="3" type="stmt"/>
      <line num="19" count="0" type="stmt"/>
      <line num="22" count="1" type="stmt"/>
      <line num="23" count="0" type="stmt"/>
      <line num="24" count="0" type="stmt"/>
      <line num="25" count="0" type="stmt"/>
      <line num="26" count="0" type="stmt"/>
      <line num="29" count="1" type="stmt"/>
      <line num="30" count="1" type="cond" truecount="1" falsecount="1"/>
      <line num="31" count="0" type="stmt"/>
      <line num="41" count="1" type="stmt"/>
      <line num="42" count="1" type="stmt"/>
      <line num="43" count="1" type="stmt"/>
      <line num="44" count="1" type="stmt"/>
    </file>
  </project>
</coverage>
