{"/Users/Haywaya/Desktop/micoverse/module2/to-do-list-with-webpack-es6/src/modules/Constructor.js": {"path":"/Users/Haywaya/Desktop/micoverse/module2/to-do-list-with-webpack-es6/src/modules/Constructor.js","statementMap":{"0":{"start":{"line":3,"column":4},"end":{"line":3,"column":23}},"1":{"start":{"line":4,"column":4},"end":{"line":4,"column":35}},"2":{"start":{"line":5,"column":4},"end":{"line":5,"column":31}},"3":{"start":{"line":9,"column":22},"end":{"line":20,"column":3}},"4":{"start":{"line":10,"column":4},"end":{"line":17,"column":5}},"5":{"start":{"line":11,"column":27},"end":{"line":11,"column":61}},"6":{"start":{"line":12,"column":33},"end":{"line":12,"column":51}},"7":{"start":{"line":13,"column":22},"end":{"line":13,"column":77}},"8":{"start":{"line":16,"column":6},"end":{"line":16,"column":21}},"9":{"start":{"line":19,"column":4},"end":{"line":19,"column":16}},"10":{"start":{"line":22,"column":22},"end":{"line":27,"column":3}},"11":{"start":{"line":23,"column":17},"end":{"line":23,"column":68}},"12":{"start":{"line":23,"column":47},"end":{"line":23,"column":67}},"13":{"start":{"line":24,"column":4},"end":{"line":24,"column":35}},"14":{"start":{"line":25,"column":4},"end":{"line":25,"column":31}},"15":{"start":{"line":26,"column":4},"end":{"line":26,"column":66}},"16":{"start":{"line":29,"column":22},"end":{"line":39,"column":3}},"17":{"start":{"line":30,"column":4},"end":{"line":32,"column":5}},"18":{"start":{"line":31,"column":6},"end":{"line":31,"column":56}}},"fnMap":{"0":{"name":"(anonymous_0)","decl":{"start":{"line":2,"column":2},"end":{"line":2,"column":3}},"loc":{"start":{"line":2,"column":52},"end":{"line":7,"column":3}},"line":2},"1":{"name":"(anonymous_1)","decl":{"start":{"line":9,"column":22},"end":{"line":9,"column":23}},"loc":{"start":{"line":9,"column":78},"end":{"line":20,"column":3}},"line":9},"2":{"name":"(anonymous_2)","decl":{"start":{"line":22,"column":22},"end":{"line":22,"column":23}},"loc":{"start":{"line":22,"column":57},"end":{"line":27,"column":3}},"line":22},"3":{"name":"(anonymous_3)","decl":{"start":{"line":23,"column":37},"end":{"line":23,"column":38}},"loc":{"start":{"line":23,"column":47},"end":{"line":23,"column":67}},"line":23},"4":{"name":"(anonymous_4)","decl":{"start":{"line":29,"column":22},"end":{"line":29,"column":23}},"loc":{"start":{"line":29,"column":33},"end":{"line":39,"column":3}},"line":29}},"branchMap":{"0":{"loc":{"start":{"line":2,"column":34},"end":{"line":2,"column":50}},"type":"default-arg","locations":[{"start":{"line":2,"column":46},"end":{"line":2,"column":50}}],"line":2},"1":{"loc":{"start":{"line":9,"column":23},"end":{"line":9,"column":35}},"type":"default-arg","locations":[{"start":{"line":9,"column":31},"end":{"line":9,"column":35}}],"line":9},"2":{"loc":{"start":{"line":9,"column":37},"end":{"line":9,"column":55}},"type":"default-arg","locations":[{"start":{"line":9,"column":51},"end":{"line":9,"column":55}}],"line":9},"3":{"loc":{"start":{"line":9,"column":57},"end":{"line":9,"column":73}},"type":"default-arg","locations":[{"start":{"line":9,"column":69},"end":{"line":9,"column":73}}],"line":9},"4":{"loc":{"start":{"line":10,"column":4},"end":{"line":17,"column":5}},"type":"if","locations":[{"start":{"line":10,"column":4},"end":{"line":17,"column":5}},{"start":{},"end":{}}],"line":10},"5":{"loc":{"start":{"line":11,"column":27},"end":{"line":11,"column":61}},"type":"binary-expr","locations":[{"start":{"line":11,"column":27},"end":{"line":11,"column":32}},{"start":{"line":11,"column":36},"end":{"line":11,"column":61}}],"line":11},"6":{"loc":{"start":{"line":12,"column":33},"end":{"line":12,"column":51}},"type":"binary-expr","locations":[{"start":{"line":12,"column":33},"end":{"line":12,"column":42}},{"start":{"line":12,"column":46},"end":{"line":12,"column":51}}],"line":12},"7":{"loc":{"start":{"line":30,"column":4},"end":{"line":32,"column":5}},"type":"if","locations":[{"start":{"line":30,"column":4},"end":{"line":32,"column":5}},{"start":{},"end":{}}],"line":30}},"s":{"0":3,"1":3,"2":3,"3":1,"4":3,"5":3,"6":3,"7":3,"8":3,"9":0,"10":1,"11":0,"12":0,"13":0,"14":0,"15":0,"16":1,"17":1,"18":0},"f":{"0":3,"1":3,"2":0,"3":0,"4":1},"b":{"0":[0],"1":[0],"2":[0],"3":[0],"4":[3,0],"5":[3,0],"6":[3,3],"7":[0,1]},"_coverageSchema":"1a1c01bbd47fc00a2c39e90264f33305004495a9","hash":"be9efb2019f360aa25eb70a8bb020421ac5f600c"}
}
