TN:
SF:src/modules/Constructor.js
FN:2,(anonymous_0)
FN:9,(anonymous_1)
FN:22,(anonymous_2)
FN:23,(anonymous_3)
FN:29,(anonymous_4)
FNF:5
FNH:3
FNDA:3,(anonymous_0)
FNDA:3,(anonymous_1)
FNDA:0,(anonymous_2)
FNDA:0,(anonymous_3)
FNDA:1,(anonymous_4)
DA:3,3
DA:4,3
DA:5,3
DA:9,1
DA:10,3
DA:11,3
DA:12,3
DA:13,3
DA:16,3
DA:19,0
DA:22,1
DA:23,0
DA:24,0
DA:25,0
DA:26,0
DA:29,1
DA:30,1
DA:31,0
LF:18
LH:12
BRDA:2,0,0,0
BRDA:9,1,0,0
BRDA:9,2,0,0
BRDA:9,3,0,0
BRDA:10,4,0,3
BRDA:10,4,1,0
BRDA:11,5,0,3
BRDA:11,5,1,0
BRDA:12,6,0,3
BRDA:12,6,1,3
BRDA:30,7,0,0
BRDA:30,7,1,1
BRF:12
BRH:5
end_of_record
